

================================================================
== Vivado HLS Report for 'sha1_control'
================================================================
* Date:           Sun Jan 27 13:55:14 2019

* Version:        2017.4 (Build 2086221 on Fri Dec 15 21:13:33 MST 2017)
* Project:        sha1_hls
* Solution:       solution1
* Product family: zynq
* Target device:  xc7z020clg400-1


================================================================
== Performance Estimates
================================================================
+ Timing (ns): 
    * Summary: 
    +--------+-------+----------+------------+
    |  Clock | Target| Estimated| Uncertainty|
    +--------+-------+----------+------------+
    |ap_clk  |  10.00|      1.00|        1.25|
    +--------+-------+----------+------------+

+ Latency (clock cycles): 
    * Summary: 
    +-----+-----+-----+-----+---------+
    |  Latency  |  Interval | Pipeline|
    | min | max | min | max |   Type  |
    +-----+-----+-----+-----+---------+
    |    0|    0|    0|    0|   none  |
    +-----+-----+-----+-----+---------+

    + Detail: 
        * Instance: 
        N/A

        * Loop: 
        N/A



================================================================
== Utilization Estimates
================================================================
* Summary: 
+-----------------+---------+-------+--------+-------+
|       Name      | BRAM_18K| DSP48E|   FF   |  LUT  |
+-----------------+---------+-------+--------+-------+
|DSP              |        -|      -|       -|      -|
|Expression       |        -|      -|       -|      -|
|FIFO             |        -|      -|       -|      -|
|Instance         |        0|      -|     141|    190|
|Memory           |        -|      -|       -|      -|
|Multiplexer      |        -|      -|       -|      -|
|Register         |        -|      -|       -|      -|
+-----------------+---------+-------+--------+-------+
|Total            |        0|      0|     141|    190|
+-----------------+---------+-------+--------+-------+
|Available        |      280|    220|  106400|  53200|
+-----------------+---------+-------+--------+-------+
|Utilization (%)  |        0|      0|   ~0   |   ~0  |
+-----------------+---------+-------+--------+-------+

+ Detail: 
    * Instance: 
    +-------------------------------+-----------------------------+---------+-------+-----+-----+
    |            Instance           |            Module           | BRAM_18K| DSP48E|  FF | LUT |
    +-------------------------------+-----------------------------+---------+-------+-----+-----+
    |sha1_control_AXILiteS_s_axi_U  |sha1_control_AXILiteS_s_axi  |        0|      0|  141|  190|
    +-------------------------------+-----------------------------+---------+-------+-----+-----+
    |Total                          |                             |        0|      0|  141|  190|
    +-------------------------------+-----------------------------+---------+-------+-----+-----+

    * DSP48: 
    N/A

    * Memory: 
    N/A

    * FIFO: 
    N/A

    * Expression: 
    N/A

    * Multiplexer: 
    N/A

    * Register: 
    N/A



================================================================
== Interface
================================================================
* Summary: 
+------------------------+-----+-----+--------------+--------------+--------------+
|        RTL Ports       | Dir | Bits|   Protocol   | Source Object|    C Type    |
+------------------------+-----+-----+--------------+--------------+--------------+
|s_axi_AXILiteS_AWVALID  |  in |    1|     s_axi    |   AXILiteS   |    pointer   |
|s_axi_AXILiteS_AWREADY  | out |    1|     s_axi    |   AXILiteS   |    pointer   |
|s_axi_AXILiteS_AWADDR   |  in |    6|     s_axi    |   AXILiteS   |    pointer   |
|s_axi_AXILiteS_WVALID   |  in |    1|     s_axi    |   AXILiteS   |    pointer   |
|s_axi_AXILiteS_WREADY   | out |    1|     s_axi    |   AXILiteS   |    pointer   |
|s_axi_AXILiteS_WDATA    |  in |   32|     s_axi    |   AXILiteS   |    pointer   |
|s_axi_AXILiteS_WSTRB    |  in |    4|     s_axi    |   AXILiteS   |    pointer   |
|s_axi_AXILiteS_ARVALID  |  in |    1|     s_axi    |   AXILiteS   |    pointer   |
|s_axi_AXILiteS_ARREADY  | out |    1|     s_axi    |   AXILiteS   |    pointer   |
|s_axi_AXILiteS_ARADDR   |  in |    6|     s_axi    |   AXILiteS   |    pointer   |
|s_axi_AXILiteS_RVALID   | out |    1|     s_axi    |   AXILiteS   |    pointer   |
|s_axi_AXILiteS_RREADY   |  in |    1|     s_axi    |   AXILiteS   |    pointer   |
|s_axi_AXILiteS_RDATA    | out |   32|     s_axi    |   AXILiteS   |    pointer   |
|s_axi_AXILiteS_RRESP    | out |    2|     s_axi    |   AXILiteS   |    pointer   |
|s_axi_AXILiteS_BVALID   | out |    1|     s_axi    |   AXILiteS   |    pointer   |
|s_axi_AXILiteS_BREADY   |  in |    1|     s_axi    |   AXILiteS   |    pointer   |
|s_axi_AXILiteS_BRESP    | out |    2|     s_axi    |   AXILiteS   |    pointer   |
|o_cs                    | out |    1|    ap_vld    |     o_cs     |    pointer   |
|o_cs_ap_vld             | out |    1|    ap_vld    |     o_cs     |    pointer   |
|o_we                    | out |    1|    ap_vld    |     o_we     |    pointer   |
|o_we_ap_vld             | out |    1|    ap_vld    |     o_we     |    pointer   |
|o_address               | out |    8|    ap_vld    |   o_address  |    pointer   |
|o_address_ap_vld        | out |    1|    ap_vld    |   o_address  |    pointer   |
|o_write                 | out |   32|    ap_vld    |    o_write   |    pointer   |
|o_write_ap_vld          | out |    1|    ap_vld    |    o_write   |    pointer   |
|i_read                  |  in |   32|    ap_none   |    i_read    |    scalar    |
|i_error                 |  in |    1|    ap_none   |    i_error   |    scalar    |
|ap_clk                  |  in |    1| ap_ctrl_none | sha1_control | return value |
|ap_rst_n                |  in |    1| ap_ctrl_none | sha1_control | return value |
+------------------------+-----+-----+--------------+--------------+--------------+

